INFO [2022-08-17 11:28:42] $x
INFO [2022-08-17 11:28:42] list(step_ids, sleep_ids, heartrate_ids, weight_ids)
INFO [2022-08-17 11:28:42] 
INFO [2022-08-17 11:28:42] $category.names
INFO [2022-08-17 11:28:42] c("Step Tracking", "Sleep Monitor", "HR Monitor", "Weight Tracking")
INFO [2022-08-17 11:28:42] 
INFO [2022-08-17 11:28:42] $main
INFO [2022-08-17 11:28:42] [1] "Multi-feature Users"
INFO [2022-08-17 11:28:42] 
INFO [2022-08-17 11:28:42] $main.pos
INFO [2022-08-17 11:28:42] c(0.11, 1.05)
INFO [2022-08-17 11:28:42] 
INFO [2022-08-17 11:28:42] $main.fontface
INFO [2022-08-17 11:28:42] [1] "bold"
INFO [2022-08-17 11:28:42] 
INFO [2022-08-17 11:28:42] $main.fontfamily
INFO [2022-08-17 11:28:42] [1] "sans"
INFO [2022-08-17 11:28:42] 
INFO [2022-08-17 11:28:42] $sub
INFO [2022-08-17 11:28:42] [1] "Intersection of users and activity tracking type"
INFO [2022-08-17 11:28:42] 
INFO [2022-08-17 11:28:42] $sub.pos
INFO [2022-08-17 11:28:42] c(0.25, 1.05)
INFO [2022-08-17 11:28:42] 
INFO [2022-08-17 11:28:42] $filename
INFO [2022-08-17 11:28:42] [1] "images/activities_venn.png"
INFO [2022-08-17 11:28:42] 
INFO [2022-08-17 11:28:42] $print.mode
INFO [2022-08-17 11:28:42] c("raw", "percent")
INFO [2022-08-17 11:28:42] 
INFO [2022-08-17 11:28:42] $sigdigs
INFO [2022-08-17 11:28:42] [1] 2
INFO [2022-08-17 11:28:42] 
INFO [2022-08-17 11:28:42] $output
INFO [2022-08-17 11:28:42] [1] TRUE
INFO [2022-08-17 11:28:42] 
INFO [2022-08-17 11:28:42] $imagetype
INFO [2022-08-17 11:28:42] [1] "png"
INFO [2022-08-17 11:28:42] 
INFO [2022-08-17 11:28:42] $lwd
INFO [2022-08-17 11:28:42] [1] 2
INFO [2022-08-17 11:28:42] 
INFO [2022-08-17 11:28:42] $fill
INFO [2022-08-17 11:28:42] c("skyblue", "pink1", "mediumorchid", "orange")
INFO [2022-08-17 11:28:42] 
INFO [2022-08-17 11:28:42] $cex
INFO [2022-08-17 11:28:42] [1] 0.75
INFO [2022-08-17 11:28:42] 
INFO [2022-08-17 11:28:42] $fontface
INFO [2022-08-17 11:28:42] [1] "bold"
INFO [2022-08-17 11:28:42] 
INFO [2022-08-17 11:28:42] $fontfamily
INFO [2022-08-17 11:28:42] [1] "sans"
INFO [2022-08-17 11:28:42] 
INFO [2022-08-17 11:28:42] $cat.cex
INFO [2022-08-17 11:28:42] [1] 0.7
INFO [2022-08-17 11:28:42] 
INFO [2022-08-17 11:28:42] $cat.fontface
INFO [2022-08-17 11:28:42] [1] "bold"
INFO [2022-08-17 11:28:42] 
INFO [2022-08-17 11:28:42] $cat.default.pos
INFO [2022-08-17 11:28:42] [1] "outer"
INFO [2022-08-17 11:28:42] 
INFO [2022-08-17 11:28:42] $cat.fontfamily
INFO [2022-08-17 11:28:42] [1] "sans"
INFO [2022-08-17 11:28:42] 
