INFO [2022-08-17 10:04:12] $x
INFO [2022-08-17 10:04:12] list(step_ids, sleep_ids, heartrate_ids, weight_ids)
INFO [2022-08-17 10:04:12] 
INFO [2022-08-17 10:04:12] $category.names
INFO [2022-08-17 10:04:12] c("Step Tracking", "Sleep Monitor", "HR Monitor", "Weight Tracing")
INFO [2022-08-17 10:04:12] 
INFO [2022-08-17 10:04:12] $main
INFO [2022-08-17 10:04:12] [1] "Multi-feature Users"
INFO [2022-08-17 10:04:12] 
INFO [2022-08-17 10:04:12] $main.pos
INFO [2022-08-17 10:04:12] c(0.11, 1.05)
INFO [2022-08-17 10:04:12] 
INFO [2022-08-17 10:04:12] $main.fontface
INFO [2022-08-17 10:04:12] [1] "bold"
INFO [2022-08-17 10:04:12] 
INFO [2022-08-17 10:04:12] $main.fontfamily
INFO [2022-08-17 10:04:12] [1] "sans"
INFO [2022-08-17 10:04:12] 
INFO [2022-08-17 10:04:12] $sub
INFO [2022-08-17 10:04:12] [1] "Intersection of users and activity tracking type"
INFO [2022-08-17 10:04:12] 
INFO [2022-08-17 10:04:12] $sub.pos
INFO [2022-08-17 10:04:12] c(0.25, 1.05)
INFO [2022-08-17 10:04:12] 
INFO [2022-08-17 10:04:12] $filename
INFO [2022-08-17 10:04:12] [1] "images/activities_venn.png"
INFO [2022-08-17 10:04:12] 
INFO [2022-08-17 10:04:12] $print.mode
INFO [2022-08-17 10:04:12] c("raw", "percent")
INFO [2022-08-17 10:04:12] 
INFO [2022-08-17 10:04:12] $sigdigs
INFO [2022-08-17 10:04:12] [1] 2
INFO [2022-08-17 10:04:12] 
INFO [2022-08-17 10:04:12] $output
INFO [2022-08-17 10:04:12] [1] TRUE
INFO [2022-08-17 10:04:12] 
INFO [2022-08-17 10:04:12] $imagetype
INFO [2022-08-17 10:04:12] [1] "png"
INFO [2022-08-17 10:04:12] 
INFO [2022-08-17 10:04:12] $lwd
INFO [2022-08-17 10:04:12] [1] 2
INFO [2022-08-17 10:04:12] 
INFO [2022-08-17 10:04:12] $fill
INFO [2022-08-17 10:04:12] c("skyblue", "pink1", "mediumorchid", "orange")
INFO [2022-08-17 10:04:12] 
INFO [2022-08-17 10:04:12] $cex
INFO [2022-08-17 10:04:12] [1] 0.75
INFO [2022-08-17 10:04:12] 
INFO [2022-08-17 10:04:12] $fontface
INFO [2022-08-17 10:04:12] [1] "bold"
INFO [2022-08-17 10:04:12] 
INFO [2022-08-17 10:04:12] $fontfamily
INFO [2022-08-17 10:04:12] [1] "sans"
INFO [2022-08-17 10:04:12] 
INFO [2022-08-17 10:04:12] $cat.cex
INFO [2022-08-17 10:04:12] [1] 0.7
INFO [2022-08-17 10:04:12] 
INFO [2022-08-17 10:04:12] $cat.fontface
INFO [2022-08-17 10:04:12] [1] "bold"
INFO [2022-08-17 10:04:12] 
INFO [2022-08-17 10:04:12] $cat.default.pos
INFO [2022-08-17 10:04:12] [1] "outer"
INFO [2022-08-17 10:04:12] 
INFO [2022-08-17 10:04:12] $cat.fontfamily
INFO [2022-08-17 10:04:12] [1] "sans"
INFO [2022-08-17 10:04:12] 
