INFO [2022-08-17 10:18:35] $x
INFO [2022-08-17 10:18:35] list(step_ids, sleep_ids, heartrate_ids, weight_ids)
INFO [2022-08-17 10:18:35] 
INFO [2022-08-17 10:18:35] $category.names
INFO [2022-08-17 10:18:35] c("Step Tracking", "Sleep Monitor", "HR Monitor", "Weight Tracking")
INFO [2022-08-17 10:18:35] 
INFO [2022-08-17 10:18:35] $main
INFO [2022-08-17 10:18:35] [1] "Multi-feature Users"
INFO [2022-08-17 10:18:35] 
INFO [2022-08-17 10:18:35] $main.pos
INFO [2022-08-17 10:18:35] c(0.11, 1.05)
INFO [2022-08-17 10:18:35] 
INFO [2022-08-17 10:18:35] $main.fontface
INFO [2022-08-17 10:18:35] [1] "bold"
INFO [2022-08-17 10:18:35] 
INFO [2022-08-17 10:18:35] $main.fontfamily
INFO [2022-08-17 10:18:35] [1] "sans"
INFO [2022-08-17 10:18:35] 
INFO [2022-08-17 10:18:35] $sub
INFO [2022-08-17 10:18:35] [1] "Intersection of users and activity tracking type"
INFO [2022-08-17 10:18:35] 
INFO [2022-08-17 10:18:35] $sub.pos
INFO [2022-08-17 10:18:35] c(0.25, 1.05)
INFO [2022-08-17 10:18:35] 
INFO [2022-08-17 10:18:35] $filename
INFO [2022-08-17 10:18:35] [1] "images/activities_venn.png"
INFO [2022-08-17 10:18:35] 
INFO [2022-08-17 10:18:35] $print.mode
INFO [2022-08-17 10:18:35] c("raw", "percent")
INFO [2022-08-17 10:18:35] 
INFO [2022-08-17 10:18:35] $sigdigs
INFO [2022-08-17 10:18:35] [1] 2
INFO [2022-08-17 10:18:35] 
INFO [2022-08-17 10:18:35] $output
INFO [2022-08-17 10:18:35] [1] TRUE
INFO [2022-08-17 10:18:35] 
INFO [2022-08-17 10:18:35] $imagetype
INFO [2022-08-17 10:18:35] [1] "png"
INFO [2022-08-17 10:18:35] 
INFO [2022-08-17 10:18:35] $lwd
INFO [2022-08-17 10:18:35] [1] 2
INFO [2022-08-17 10:18:35] 
INFO [2022-08-17 10:18:35] $fill
INFO [2022-08-17 10:18:35] c("skyblue", "pink1", "mediumorchid", "orange")
INFO [2022-08-17 10:18:35] 
INFO [2022-08-17 10:18:35] $cex
INFO [2022-08-17 10:18:35] [1] 0.75
INFO [2022-08-17 10:18:35] 
INFO [2022-08-17 10:18:35] $fontface
INFO [2022-08-17 10:18:35] [1] "bold"
INFO [2022-08-17 10:18:35] 
INFO [2022-08-17 10:18:35] $fontfamily
INFO [2022-08-17 10:18:35] [1] "sans"
INFO [2022-08-17 10:18:35] 
INFO [2022-08-17 10:18:35] $cat.cex
INFO [2022-08-17 10:18:35] [1] 0.7
INFO [2022-08-17 10:18:35] 
INFO [2022-08-17 10:18:35] $cat.fontface
INFO [2022-08-17 10:18:35] [1] "bold"
INFO [2022-08-17 10:18:35] 
INFO [2022-08-17 10:18:35] $cat.default.pos
INFO [2022-08-17 10:18:35] [1] "outer"
INFO [2022-08-17 10:18:35] 
INFO [2022-08-17 10:18:35] $cat.fontfamily
INFO [2022-08-17 10:18:35] [1] "sans"
INFO [2022-08-17 10:18:35] 
