INFO [2022-08-17 10:05:06] $x
INFO [2022-08-17 10:05:06] list(step_ids, sleep_ids, heartrate_ids, weight_ids)
INFO [2022-08-17 10:05:06] 
INFO [2022-08-17 10:05:06] $category.names
INFO [2022-08-17 10:05:06] c("Step Tracking", "Sleep Monitor", "HR Monitor", "Weight Tracking")
INFO [2022-08-17 10:05:06] 
INFO [2022-08-17 10:05:06] $main
INFO [2022-08-17 10:05:06] [1] "Multi-feature Users"
INFO [2022-08-17 10:05:06] 
INFO [2022-08-17 10:05:06] $main.pos
INFO [2022-08-17 10:05:06] c(0.11, 1.05)
INFO [2022-08-17 10:05:06] 
INFO [2022-08-17 10:05:06] $main.fontface
INFO [2022-08-17 10:05:06] [1] "bold"
INFO [2022-08-17 10:05:06] 
INFO [2022-08-17 10:05:06] $main.fontfamily
INFO [2022-08-17 10:05:06] [1] "sans"
INFO [2022-08-17 10:05:06] 
INFO [2022-08-17 10:05:06] $sub
INFO [2022-08-17 10:05:06] [1] "Intersection of users and activity tracking type"
INFO [2022-08-17 10:05:06] 
INFO [2022-08-17 10:05:06] $sub.pos
INFO [2022-08-17 10:05:06] c(0.25, 1.05)
INFO [2022-08-17 10:05:06] 
INFO [2022-08-17 10:05:06] $filename
INFO [2022-08-17 10:05:06] [1] "images/activities_venn.png"
INFO [2022-08-17 10:05:06] 
INFO [2022-08-17 10:05:06] $print.mode
INFO [2022-08-17 10:05:06] c("raw", "percent")
INFO [2022-08-17 10:05:06] 
INFO [2022-08-17 10:05:06] $sigdigs
INFO [2022-08-17 10:05:06] [1] 2
INFO [2022-08-17 10:05:06] 
INFO [2022-08-17 10:05:06] $output
INFO [2022-08-17 10:05:06] [1] TRUE
INFO [2022-08-17 10:05:06] 
INFO [2022-08-17 10:05:06] $imagetype
INFO [2022-08-17 10:05:06] [1] "png"
INFO [2022-08-17 10:05:06] 
INFO [2022-08-17 10:05:06] $lwd
INFO [2022-08-17 10:05:06] [1] 2
INFO [2022-08-17 10:05:06] 
INFO [2022-08-17 10:05:06] $fill
INFO [2022-08-17 10:05:06] c("skyblue", "pink1", "mediumorchid", "orange")
INFO [2022-08-17 10:05:06] 
INFO [2022-08-17 10:05:06] $cex
INFO [2022-08-17 10:05:06] [1] 0.75
INFO [2022-08-17 10:05:06] 
INFO [2022-08-17 10:05:06] $fontface
INFO [2022-08-17 10:05:06] [1] "bold"
INFO [2022-08-17 10:05:06] 
INFO [2022-08-17 10:05:06] $fontfamily
INFO [2022-08-17 10:05:06] [1] "sans"
INFO [2022-08-17 10:05:06] 
INFO [2022-08-17 10:05:06] $cat.cex
INFO [2022-08-17 10:05:06] [1] 0.7
INFO [2022-08-17 10:05:06] 
INFO [2022-08-17 10:05:06] $cat.fontface
INFO [2022-08-17 10:05:06] [1] "bold"
INFO [2022-08-17 10:05:06] 
INFO [2022-08-17 10:05:06] $cat.default.pos
INFO [2022-08-17 10:05:06] [1] "outer"
INFO [2022-08-17 10:05:06] 
INFO [2022-08-17 10:05:06] $cat.fontfamily
INFO [2022-08-17 10:05:06] [1] "sans"
INFO [2022-08-17 10:05:06] 
