INFO [2022-08-17 11:32:41] $x
INFO [2022-08-17 11:32:41] list(step_ids, sleep_ids, heartrate_ids, weight_ids)
INFO [2022-08-17 11:32:41] 
INFO [2022-08-17 11:32:41] $category.names
INFO [2022-08-17 11:32:41] c("Step Tracking", "Sleep Monitor", "HR Monitor", "Weight Tracking")
INFO [2022-08-17 11:32:41] 
INFO [2022-08-17 11:32:41] $main
INFO [2022-08-17 11:32:41] [1] "Multi-feature Users"
INFO [2022-08-17 11:32:41] 
INFO [2022-08-17 11:32:41] $main.pos
INFO [2022-08-17 11:32:41] c(0.11, 1.05)
INFO [2022-08-17 11:32:41] 
INFO [2022-08-17 11:32:41] $main.fontface
INFO [2022-08-17 11:32:41] [1] "bold"
INFO [2022-08-17 11:32:41] 
INFO [2022-08-17 11:32:41] $main.fontfamily
INFO [2022-08-17 11:32:41] [1] "sans"
INFO [2022-08-17 11:32:41] 
INFO [2022-08-17 11:32:41] $sub
INFO [2022-08-17 11:32:41] [1] "Intersection of users and activity tracking type"
INFO [2022-08-17 11:32:41] 
INFO [2022-08-17 11:32:41] $sub.pos
INFO [2022-08-17 11:32:41] c(0.25, 1.05)
INFO [2022-08-17 11:32:41] 
INFO [2022-08-17 11:32:41] $filename
INFO [2022-08-17 11:32:41] [1] "images/activities_venn.png"
INFO [2022-08-17 11:32:41] 
INFO [2022-08-17 11:32:41] $print.mode
INFO [2022-08-17 11:32:41] c("raw", "percent")
INFO [2022-08-17 11:32:41] 
INFO [2022-08-17 11:32:41] $sigdigs
INFO [2022-08-17 11:32:41] [1] 2
INFO [2022-08-17 11:32:41] 
INFO [2022-08-17 11:32:41] $output
INFO [2022-08-17 11:32:41] [1] TRUE
INFO [2022-08-17 11:32:41] 
INFO [2022-08-17 11:32:41] $imagetype
INFO [2022-08-17 11:32:41] [1] "png"
INFO [2022-08-17 11:32:41] 
INFO [2022-08-17 11:32:41] $lwd
INFO [2022-08-17 11:32:41] [1] 2
INFO [2022-08-17 11:32:41] 
INFO [2022-08-17 11:32:41] $fill
INFO [2022-08-17 11:32:41] c("skyblue", "pink1", "mediumorchid", "orange")
INFO [2022-08-17 11:32:41] 
INFO [2022-08-17 11:32:41] $cex
INFO [2022-08-17 11:32:41] [1] 0.75
INFO [2022-08-17 11:32:41] 
INFO [2022-08-17 11:32:41] $fontface
INFO [2022-08-17 11:32:41] [1] "bold"
INFO [2022-08-17 11:32:41] 
INFO [2022-08-17 11:32:41] $fontfamily
INFO [2022-08-17 11:32:41] [1] "sans"
INFO [2022-08-17 11:32:41] 
INFO [2022-08-17 11:32:41] $cat.cex
INFO [2022-08-17 11:32:41] [1] 0.7
INFO [2022-08-17 11:32:41] 
INFO [2022-08-17 11:32:41] $cat.fontface
INFO [2022-08-17 11:32:41] [1] "bold"
INFO [2022-08-17 11:32:41] 
INFO [2022-08-17 11:32:41] $cat.default.pos
INFO [2022-08-17 11:32:41] [1] "outer"
INFO [2022-08-17 11:32:41] 
INFO [2022-08-17 11:32:41] $cat.fontfamily
INFO [2022-08-17 11:32:41] [1] "sans"
INFO [2022-08-17 11:32:41] 
